<?xml version="1.0" encoding="UTF-8"?>
<testsuite xmlns:xsi="http://www.w3.org/2001/XMLSchema-instance" xsi:noNamespaceSchemaLocation="https://maven.apache.org/surefire/maven-surefire-plugin/xsd/surefire-test-report.xsd" name="site.stellarburgers.nomoreparties.tests.TransitionsTest" time="4.173" tests="2" errors="0" skipped="0" failures="0">
  <properties>
[...]
</properties>
  <testcase name="testLogoutPersonalAccount2" classname="site.stellarburgers.nomoreparties.tests.TransitionsTest" time="2.192"/>
  <testcase name="testLogoutPersonalAccount" classname="site.stellarburgers.nomoreparties.tests.TransitionsTest" time="1.979"/>
</testsuite>